GSUOCM/build/outputs/logs/manifest-merger-debug-report.txt
-- Merging decision tree log ---
manifest
ADDED from src\main\AndroidManifest.xml:1:1-104:12
	package
		ADDED from src\main\AndroidManifest.xml:2:5-31
		INJECTED from src\main\AndroidManifest.xml
		INJECTED from src\main\AndroidManifest.xml
	android:versionName
		INJECTED from src\main\AndroidManifest.xml
		INJECTED from src\main\AndroidManifest.xml
	xmlns:android
		ADDED from src\main\AndroidManifest.xml:1:11-69
	android:versionCode
		INJECTED from src\main\AndroidManifest.xml
		INJECTED from src\main\AndroidManifest.xml
uses-permission#android.permission.INTERNET
ADDED from src\main\AndroidManifest.xml:4:1-79
	android:name
		ADDED from src\main\AndroidManifest.xml:4:18-60
uses-permission#android.permission.WRITE_EXTERNAL_STORAGE
ADDED from src\main\AndroidManifest.xml:5:1-76
	android:name
		ADDED from src\main\AndroidManifest.xml:5:18-74
uses-permission#android.permission.RESTART_PACKAGES
ADDED from src\main\AndroidManifest.xml:6:1-70
	android:name
		ADDED from src\main\AndroidManifest.xml:6:18-68
application
ADDED from src\main\AndroidManifest.xml:8:5-102:19
MERGED from [SmartSea:library:unspecified] AndroidManifest.xml:11:5-20
MERGED from [com.android.support:support-v4:23.3.0] AndroidManifest.xml:22:5-20
MERGED from [com.android.support:appcompat-v7:23.3.0] AndroidManifest.xml:25:5-20
MERGED from [com.android.support:support-vector-drawable:23.3.0] AndroidManifest.xml:7:5-20
MERGED from [com.android.support:animated-vector-drawable:23.3.0] AndroidManifest.xml:7:5-20
	android:label
		ADDED from src\main\AndroidManifest.xml:11:9-41
	android:windowSoftInputMode
		ADDED from src\main\AndroidManifest.xml:13:9-63
	android:allowBackup
		ADDED from src\main\AndroidManifest.xml:9:9-35
	android:icon
		ADDED from src\main\AndroidManifest.xml:10:9-45
	android:theme
		ADDED from src\main\AndroidManifest.xml:12:9-40
activity#activities.Main_Activity
ADDED from src\main\AndroidManifest.xml:14:9-23:19
	android:screenOrientation
		ADDED from src\main\AndroidManifest.xml:16:13-49
	android:label
		ADDED from src\main\AndroidManifest.xml:18:13-45
	android:theme
		ADDED from src\main\AndroidManifest.xml:17:13-46
	android:name
		ADDED from src\main\AndroidManifest.xml:15:13-52
intent-filter#android.intent.action.MAIN+android.intent.category.LAUNCHER
ADDED from src\main\AndroidManifest.xml:19:13-22:29
action#android.intent.action.MAIN
ADDED from src\main\AndroidManifest.xml:20:17-69
	android:name
		ADDED from src\main\AndroidManifest.xml:20:25-66
category#android.intent.category.LAUNCHER
ADDED from src\main\AndroidManifest.xml:21:17-77
	android:name
		ADDED from src\main\AndroidManifest.xml:21:27-74
activity#activities.LogIn_Activity
ADDED from src\main\AndroidManifest.xml:24:8-28:19
	android:label
		ADDED from src\main\AndroidManifest.xml:27:13-31
	android:windowSoftInputMode
		ADDED from src\main\AndroidManifest.xml:25:13-67
	android:name
		ADDED from src\main\AndroidManifest.xml:26:13-53
activity#activities.All_Activity
ADDED from src\main\AndroidManifest.xml:29:8-32:19
	android:label
		ADDED from src\main\AndroidManifest.xml:31:13-31
	android:name
		ADDED from src\main\AndroidManifest.xml:30:13-51
activity#activities.AllRoom_Activity
ADDED from src\main\AndroidManifest.xml:33:9-36:20
	android:label
		ADDED from src\main\AndroidManifest.xml:35:13-31
	android:name
		ADDED from src\main\AndroidManifest.xml:34:13-55
activity#activities.Setting_Activity
ADDED from src\main\AndroidManifest.xml:37:8-40:19
	android:label
		ADDED from src\main\AndroidManifest.xml:39:13-31
	android:name
		ADDED from src\main\AndroidManifest.xml:38:13-55
activity#activities.Search_Activity
ADDED from src\main\AndroidManifest.xml:41:8-44:19
	android:label
		ADDED from src\main\AndroidManifest.xml:43:13-31
	android:name
		ADDED from src\main\AndroidManifest.xml:42:13-54
activity#activities.About_Activity
ADDED from src\main\AndroidManifest.xml:45:9-48:19
	android:label
		ADDED from src\main\AndroidManifest.xml:47:13-31
	android:name
		ADDED from src\main\AndroidManifest.xml:46:13-53
activity#activities.Password_Activity
ADDED from src\main\AndroidManifest.xml:49:7-53:19
	android:label
		ADDED from src\main\AndroidManifest.xml:52:13-33
	android:windowSoftInputMode
		ADDED from src\main\AndroidManifest.xml:51:13-67
	android:name
		ADDED from src\main\AndroidManifest.xml:50:13-56
activity#activities.PhoneNum_Activity
ADDED from src\main\AndroidManifest.xml:54:8-57:19
	android:label
		ADDED from src\main\AndroidManifest.xml:56:13-34
	android:name
		ADDED from src\main\AndroidManifest.xml:55:13-56
activity#activities.Dorm_Activity
ADDED from src\main\AndroidManifest.xml:58:8-61:20
	android:label
		ADDED from src\main\AndroidManifest.xml:60:13-33
	android:name
		ADDED from src\main\AndroidManifest.xml:59:13-52
activity#activities.Stu_Activity
ADDED from src\main\AndroidManifest.xml:62:8-65:20
	android:label
		ADDED from src\main\AndroidManifest.xml:64:13-33
	android:name
		ADDED from src\main\AndroidManifest.xml:63:13-51
activity#activities.Inquiryapply_Activity
ADDED from src\main\AndroidManifest.xml:66:9-69:20
	android:label
		ADDED from src\main\AndroidManifest.xml:68:13-33
	android:name
		ADDED from src\main\AndroidManifest.xml:67:13-60
activity#activities.Insertapply_Activity
ADDED from src\main\AndroidManifest.xml:70:9-73:20
	android:label
		ADDED from src\main\AndroidManifest.xml:72:13-33
	android:name
		ADDED from src\main\AndroidManifest.xml:71:13-59
activity#activities.StateLog_Activity
ADDED from src\main\AndroidManifest.xml:74:10-78:20
	android:label
		ADDED from src\main\AndroidManifest.xml:77:13-33
	android:hardwareAccelerated
		ADDED from src\main\AndroidManifest.xml:76:13-48
	android:name
		ADDED from src\main\AndroidManifest.xml:75:13-56
activity#activities.Expense_Activity
ADDED from src\main\AndroidManifest.xml:79:9-83:20
	android:label
		ADDED from src\main\AndroidManifest.xml:82:13-33
	android:hardwareAccelerated
		ADDED from src\main\AndroidManifest.xml:81:13-48
	android:name
		ADDED from src\main\AndroidManifest.xml:80:13-55
activity#activities.HisData_Activity
ADDED from src\main\AndroidManifest.xml:84:9-88:20
	android:label
		ADDED from src\main\AndroidManifest.xml:87:13-35
	android:hardwareAccelerated
		ADDED from src\main\AndroidManifest.xml:86:13-48
	android:name
		ADDED from src\main\AndroidManifest.xml:85:13-55
activity#activities.ThreeData_Activity
ADDED from src\main\AndroidManifest.xml:89:9-92:20
	android:label
		ADDED from src\main\AndroidManifest.xml:91:13-34
	android:name
		ADDED from src\main\AndroidManifest.xml:90:13-57
activity#activities.ThreeHisData_Activity
ADDED from src\main\AndroidManifest.xml:93:10-97:20
	android:label
		ADDED from src\main\AndroidManifest.xml:96:13-35
	android:hardwareAccelerated
		ADDED from src\main\AndroidManifest.xml:95:13-48
	android:name
		ADDED from src\main\AndroidManifest.xml:94:13-60
activity#activities.StateDetail_Activity
ADDED from src\main\AndroidManifest.xml:98:10-101:19
	android:label
		ADDED from src\main\AndroidManifest.xml:100:13-33
	android:name
		ADDED from src\main\AndroidManifest.xml:99:13-59
uses-sdk
INJECTED from src\main\AndroidManifest.xml reason: use-sdk injection requested
MERGED from [SmartSea:library:unspecified] AndroidManifest.xml:7:5-9:40
MERGED from [com.android.support:recyclerview-v7:23.3.0] AndroidManifest.xml:20:5-43
MERGED from [com.android.support:support-v4:23.3.0] AndroidManifest.xml:20:5-43
MERGED from [com.android.support:appcompat-v7:23.3.0] AndroidManifest.xml:21:5-23:78
MERGED from [com.android.support:support-vector-drawable:23.3.0] AndroidManifest.xml:5:5-43
MERGED from [com.android.support:animated-vector-drawable:23.3.0] AndroidManifest.xml:5:5-44
	tools:overrideLibrary
		ADDED from [com.android.support:appcompat-v7:23.3.0] AndroidManifest.xml:23:9-75
	android:targetSdkVersion
		INJECTED from src\main\AndroidManifest.xml
		INJECTED from src\main\AndroidManifest.xml
	android:minSdkVersion
		INJECTED from src\main\AndroidManifest.xml
		INJECTED from src\main\AndroidManifest.xml